[    0.000000] Linux version 4.15.0-213-generic (buildd@lcy02-amd64-079) (gcc version 7.5.0 (Ubuntu 7.5.0-3ubuntu1~18.04)) #224-Ubuntu SMP Mon Jun 19 13:30:12 UTC 2023 (Ubuntu 4.15.0-213.224-generic 4.15.18)
[    0.000000] Command line: BOOT_IMAGE=/boot/vmlinuz-4.15.0-213-generic root=UUID=f685bb41-0e3b-40c4-89c1-eea0f0583525 ro console=tty1 console=ttyS0
[    0.000000] KERNEL supported cpus:
[    0.000000]   Intel GenuineIntel
[    0.000000]   AMD AuthenticAMD
[    0.000000]   Centaur CentaurHauls
[    0.000000] [Firmware Bug]: TSC doesn't count with P0 frequency!
[    0.000000] x86/fpu: Supporting XSAVE feature 0x001: 'x87 floating point registers'
[    0.000000] x86/fpu: Supporting XSAVE feature 0x002: 'SSE registers'
[    0.000000] x86/fpu: Supporting XSAVE feature 0x004: 'AVX registers'
[    0.000000] x86/fpu: xstate_offset[2]:  576, xstate_sizes[2]:  256
[    0.000000] x86/fpu: Enabled xstate features 0x7, context size is 832 bytes, using 'standard' format.
[    0.000000] e820: BIOS-provided physical RAM map:
[    0.000000] BIOS-e820: [mem 0x0000000000000000-0x000000000009fbff] usable
[    0.000000] BIOS-e820: [mem 0x000000000009fc00-0x000000000009ffff] reserved
[    0.000000] BIOS-e820: [mem 0x00000000000f0000-0x00000000000fffff] reserved
[    0.000000] BIOS-e820: [mem 0x0000000000100000-0x000000003ffeffff] usable
[    0.000000] BIOS-e820: [mem 0x000000003fff0000-0x000000003fffffff] ACPI data
[    0.000000] BIOS-e820: [mem 0x00000000fec00000-0x00000000fec00fff] reserved
[    0.000000] BIOS-e820: [mem 0x00000000fee00000-0x00000000fee00fff] reserved
[    0.000000] BIOS-e820: [mem 0x00000000fffc0000-0x00000000ffffffff] reserved
[    0.000000] NX (Execute Disable) protection: active
[    0.000000] SMBIOS 2.5 present.
[    0.000000] DMI: innotek GmbH VirtualBox/VirtualBox, BIOS VirtualBox 12/01/2006
[    0.000000] Hypervisor detected: KVM
[    0.000000] e820: last_pfn = 0x3fff0 max_arch_pfn = 0x400000000
[    0.000000] MTRR: Disabled
[    0.000000] x86/PAT: MTRRs disabled, skipping PAT initialization too.
[    0.000000] CPU MTRRs all blank - virtualized system.
[    0.000000] x86/PAT: Configuration [0-7]: WB  WT  UC- UC  WB  WT  UC- UC  
[    0.000000] found SMP MP-table at [mem 0x0009fff0-0x0009ffff]
[    0.000000] Scanning 1 areas for low memory corruption
[    0.000000] RAMDISK: [mem 0x357cf000-0x36bdefff]
[    0.000000] ACPI: Early table checksum verification disabled
[    0.000000] ACPI: RSDP 0x00000000000E0000 000024 (v02 VBOX  )
[    0.000000] ACPI: XSDT 0x000000003FFF0030 00003C (v01 VBOX   VBOXXSDT 00000001 ASL  00000061)
[    0.000000] ACPI: FACP 0x000000003FFF00F0 0000F4 (v04 VBOX   VBOXFACP 00000001 ASL  00000061)
[    0.000000] ACPI: DSDT 0x000000003FFF0610 002353 (v02 VBOX   VBOXBIOS 00000002 INTL 20100528)
[    0.000000] ACPI: FACS 0x000000003FFF0200 000040
[    0.000000] ACPI: FACS 0x000000003FFF0200 000040
[    0.000000] ACPI: APIC 0x000000003FFF0240 00005C (v02 VBOX   VBOXAPIC 00000001 ASL  00000061)
[    0.000000] ACPI: SSDT 0x000000003FFF02A0 00036C (v01 VBOX   VBOXCPUT 00000002 INTL 20100528)
[    0.000000] ACPI: Reserving FACP table memory at [mem 0x3fff00f0-0x3fff01e3]
[    0.000000] ACPI: Reserving DSDT table memory at [mem 0x3fff0610-0x3fff2962]
[    0.000000] ACPI: Reserving FACS table memory at [mem 0x3fff0200-0x3fff023f]
[    0.000000] ACPI: Reserving FACS table memory at [mem 0x3fff0200-0x3fff023f]
[    0.000000] ACPI: Reserving APIC table memory at [mem 0x3fff0240-0x3fff029b]
[    0.000000] ACPI: Reserving SSDT table memory at [mem 0x3fff02a0-0x3fff060b]
[    0.000000] No NUMA configuration found
[    0.000000] Faking a node at [mem 0x0000000000000000-0x000000003ffeffff]
[    0.000000] NODE_DATA(0) allocated [mem 0x3ffc5000-0x3ffeffff]
[    0.000000] kvm-clock: cpu 0, msr 0:3ff44001, primary cpu clock
[    0.000000] kvm-clock: Using msrs 4b564d01 and 4b564d00
[    0.000000] kvm-clock: using sched offset of 3063049784 cycles
[    0.000000] clocksource: kvm-clock: mask: 0xffffffffffffffff max_cycles: 0x1cd42e4dffb, max_idle_ns: 881590591483 ns
[    0.000000] Zone ranges:
[    0.000000]   DMA      [mem 0x0000000000001000-0x0000000000ffffff]
[    0.000000]   DMA32    [mem 0x0000000001000000-0x000000003ffeffff]
[    0.000000]   Normal   empty
[    0.000000]   Device   empty
[    0.000000] Movable zone start for each node
[    0.000000] Early memory node ranges
[    0.000000]   node   0: [mem 0x0000000000001000-0x000000000009efff]
[    0.000000]   node   0: [mem 0x0000000000100000-0x000000003ffeffff]
[    0.000000] Reserved but unavailable: 104 pages
[    0.000000] Initmem setup node 0 [mem 0x0000000000001000-0x000000003ffeffff]
[    0.000000] ACPI: PM-Timer IO Port: 0x4008
[    0.000000] IOAPIC[0]: apic_id 2, version 32, address 0xfec00000, GSI 0-23
[    0.000000] ACPI: INT_SRC_OVR (bus 0 bus_irq 0 global_irq 2 dfl dfl)
[    0.000000] ACPI: INT_SRC_OVR (bus 0 bus_irq 9 global_irq 9 low level)
[    0.000000] Using ACPI (MADT) for SMP configuration information
[    0.000000] smpboot: Allowing 2 CPUs, 0 hotplug CPUs
[    0.000000] PM: Registered nosave memory: [mem 0x00000000-0x00000fff]
[    0.000000] PM: Registered nosave memory: [mem 0x0009f000-0x0009ffff]
[    0.000000] PM: Registered nosave memory: [mem 0x000a0000-0x000effff]
[    0.000000] PM: Registered nosave memory: [mem 0x000f0000-0x000fffff]
[    0.000000] e820: [mem 0x40000000-0xfebfffff] available for PCI devices
[    0.000000] Booting paravirtualized kernel on KVM
[    0.000000] clocksource: refined-jiffies: mask: 0xffffffff max_cycles: 0xffffffff, max_idle_ns: 7645519600211568 ns
[    0.000000] setup_percpu: NR_CPUS:8192 nr_cpumask_bits:2 nr_cpu_ids:2 nr_node_ids:1
[    0.000000] percpu: Embedded 50 pages/cpu s167936 r8192 d28672 u1048576
[    0.000000] PV qspinlock hash table entries: 256 (order: 0, 4096 bytes)
[    0.000000] Built 1 zonelists, mobility grouping on.  Total pages: 257913
[    0.000000] Policy zone: DMA32
[    0.000000] Kernel command line: BOOT_IMAGE=/boot/vmlinuz-4.15.0-213-generic root=UUID=f685bb41-0e3b-40c4-89c1-eea0f0583525 ro console=tty1 console=ttyS0
[    0.000000] Memory: 981628K/1048120K available (12300K kernel code, 2477K rwdata, 4324K rodata, 2480K init, 2720K bss, 66492K reserved, 0K cma-reserved)
[    0.000000] SLUB: HWalign=64, Order=0-3, MinObjects=0, CPUs=2, Nodes=1
[    0.000000] ftrace: allocating 39508 entries in 155 pages
[    0.004000] Hierarchical RCU implementation.
[    0.004000] 	RCU restricting CPUs from NR_CPUS=8192 to nr_cpu_ids=2.
[    0.004000] 	Tasks RCU enabled.
[    0.004000] RCU: Adjusting geometry for rcu_fanout_leaf=16, nr_cpu_ids=2
[    0.004000] NR_IRQS: 524544, nr_irqs: 440, preallocated irqs: 16
[    0.004000] random: crng init done
[    0.004000] Console: colour VGA+ 80x25
[    0.004000] console [tty1] enabled
[    0.004000] console [ttyS0] enabled
[    0.004000] ACPI: Core revision 20170831
[    0.004000] ACPI: 2 ACPI AML tables successfully acquired and loaded
[    0.004000] APIC: Switch to symmetric I/O mode setup
[    0.004000] x2apic enabled
[    0.004000] Switched APIC routing to physical x2apic.
[    0.004000] ..TIMER: vector=0x30 apic1=0 pin1=2 apic2=-1 pin2=-1
[    0.004010] tsc: Detected 2994.368 MHz processor
[    0.004865] Calibrating delay loop (skipped) preset value.. 5988.73 BogoMIPS (lpj=11977472)
[    0.005563] pid_max: default: 32768 minimum: 301
[    0.006504] Security Framework initialized
[    0.008014] Yama: becoming mindful.
[    0.008959] AppArmor: AppArmor initialized
[    0.010094] Dentry cache hash table entries: 131072 (order: 8, 1048576 bytes)
[    0.011946] Inode-cache hash table entries: 65536 (order: 7, 524288 bytes)
[    0.012043] Mount-cache hash table entries: 2048 (order: 2, 16384 bytes)
[    0.013850] Mountpoint-cache hash table entries: 2048 (order: 2, 16384 bytes)
[    0.016215] Last level iTLB entries: 4KB 1024, 2MB 1024, 4MB 512
[    0.017505] Last level dTLB entries: 4KB 2048, 2MB 2048, 4MB 1024, 1GB 0
[    0.019296] Spectre V1 : Mitigation: usercopy/swapgs barriers and __user pointer sanitization
[    0.020000] Spectre V2 : Mitigation: Retpolines
[    0.020000] Spectre V2 : Spectre v2 / SpectreRSB mitigation: Filling RSB on context switch
[    0.020012] Spectre V2 : Spectre v2 / SpectreRSB : Filling RSB on VMEXIT
[    0.021459] RETBleed: Vulnerable
[    0.024288] Freeing SMP alternatives memory: 36K
[    0.139141] APIC calibration not consistent with PM-Timer: 102ms instead of 100ms
[    0.140000] APIC delta adjusted to PM-Timer: 6266940 (6401102)
[    0.140125] smpboot: CPU0: AMD Ryzen 5 4600H with Radeon Graphics (family: 0x17, model: 0x60, stepping: 0x1)
[    0.142596] Performance Events: PMU not available due to virtualization, using software events only.
[    0.144106] Hierarchical SRCU implementation.
[    0.145862] NMI watchdog: Perf event create on CPU 0 failed with -2
[    0.148013] NMI watchdog: Perf NMI watchdog permanently disabled
[    0.149656] smp: Bringing up secondary CPUs ...
[    0.151083] x86: Booting SMP configuration:
[    0.152000] .... node  #0, CPUs:      #1
[    0.004000] kvm-clock: cpu 1, msr 0:3ff44041, secondary cpu clock
[    0.156039] smp: Brought up 1 node, 2 CPUs
[    0.156977] smpboot: Max logical packages: 1
[    0.160020] smpboot: Total of 2 processors activated (11977.47 BogoMIPS)
[    0.162715] devtmpfs: initialized
[    0.162715] x86/mm: Memory block size: 128MB
[    0.162715] evm: security.selinux
[    0.164013] evm: security.SMACK64
[    0.164628] evm: security.SMACK64EXEC
[    0.165410] evm: security.SMACK64TRANSMUTE
[    0.166461] evm: security.SMACK64MMAP
[    0.167427] evm: security.apparmor
[    0.168022] evm: security.ima
[    0.168686] evm: security.capability
[    0.172145] clocksource: jiffies: mask: 0xffffffff max_cycles: 0xffffffff, max_idle_ns: 7645041785100000 ns
[    0.172145] futex hash table entries: 512 (order: 3, 32768 bytes)
[    0.173403] pinctrl core: initialized pinctrl subsystem
[    0.176260] RTC time:  4:29:22, date: 05/26/24
[    0.177580] NET: Registered protocol family 16
[    0.178739] audit: initializing netlink subsys (disabled)
[    0.180087] audit: type=2000 audit(1716697767.117:1): state=initialized audit_enabled=0 res=1
[    0.184017] cpuidle: using governor ladder
[    0.184138] cpuidle: using governor menu
[    0.188417] ACPI: bus type PCI registered
[    0.189177] acpiphp: ACPI Hot Plug PCI Controller Driver version: 0.5
[    0.192120] PCI: Using configuration type 1 for base access
[    0.193218] PCI: Using configuration type 1 for extended access
[    0.194461] HugeTLB registered 2.00 MiB page size, pre-allocated 0 pages
[    0.196253] ACPI: Added _OSI(Module Device)
[    0.197190] ACPI: Added _OSI(Processor Device)
[    0.198090] ACPI: Added _OSI(3.0 _SCP Extensions)
[    0.200033] ACPI: Added _OSI(Processor Aggregator Device)
[    0.202749] ACPI: Added _OSI(Linux-Dell-Video)
[    0.202749] ACPI: Added _OSI(Linux-Lenovo-NV-HDMI-Audio)
[    0.202749] ACPI: Added _OSI(Linux-HPI-Hybrid-Graphics)
[    0.202749] ACPI: Executed 1 blocks of module-level executable AML code
[    0.210123] ACPI: Interpreter enabled
[    0.210985] ACPI: (supports S0 S5)
[    0.211743] ACPI: Using IOAPIC for interrupt routing
[    0.212321] PCI: Using host bridge windows from ACPI; if necessary, use "pci=nocrs" and report a bug
[    0.214790] ACPI: Enabled 2 GPEs in block 00 to 07
[    0.224064] ACPI: PCI Root Bridge [PCI0] (domain 0000 [bus 00-ff])
[    0.225131] acpi PNP0A03:00: _OSC: OS supports [ExtendedConfig ASPM ClockPM Segments MSI]
[    0.228299] acpi PNP0A03:00: _OSC: platform does not support [PCIeCapability]
[    0.230428] acpi PNP0A03:00: _OSC: not requesting control; platform does not support [PCIeCapability]
[    0.232000] acpi PNP0A03:00: _OSC: OS requested [PCIeHotplug PME AER PCIeCapability]
[    0.236024] acpi PNP0A03:00: _OSC: platform willing to grant [PCIeHotplug PME AER]
[    0.240036] acpi PNP0A03:00: _OSC failed (AE_SUPPORT); disabling ASPM
[    0.241911] PCI host bridge to bus 0000:00
[    0.244018] pci_bus 0000:00: root bus resource [io  0x0000-0x0cf7 window]
[    0.245568] pci_bus 0000:00: root bus resource [io  0x0d00-0xffff window]
[    0.248015] pci_bus 0000:00: root bus resource [mem 0x000a0000-0x000bffff window]
[    0.252015] pci_bus 0000:00: root bus resource [mem 0x40000000-0xfdffffff window]
[    0.253462] pci_bus 0000:00: root bus resource [bus 00-ff]
[    0.258779] pci 0000:00:01.1: legacy IDE quirk: reg 0x10: [io  0x01f0-0x01f7]
[    0.260000] pci 0000:00:01.1: legacy IDE quirk: reg 0x14: [io  0x03f6]
[    0.260014] pci 0000:00:01.1: legacy IDE quirk: reg 0x18: [io  0x0170-0x0177]
[    0.261423] pci 0000:00:01.1: legacy IDE quirk: reg 0x1c: [io  0x0376]
[    0.294009] pci 0000:00:07.0: quirk: [io  0x4000-0x403f] claimed by PIIX4 ACPI
[    0.296036] pci 0000:00:07.0: quirk: [io  0x4100-0x410f] claimed by PIIX4 SMB
[    0.309979] ACPI: PCI Interrupt Link [LNKA] (IRQs 5 9 10 *11)
[    0.316476] ACPI: PCI Interrupt Link [LNKB] (IRQs 5 9 *10 11)
[    0.316476] ACPI: PCI Interrupt Link [LNKC] (IRQs 5 *9 10 11)
[    0.317913] ACPI: PCI Interrupt Link [LNKD] (IRQs 5 9 10 *11)
[    0.320560] SCSI subsystem initialized
[    0.324062] pci 0000:00:02.0: vgaarb: setting as boot VGA device
[    0.327360] pci 0000:00:02.0: vgaarb: VGA device added: decodes=io+mem,owns=io+mem,locks=none
[    0.328016] pci 0000:00:02.0: vgaarb: bridge control possible
[    0.329053] vgaarb: loaded
[    0.329850] ACPI: bus type USB registered
[    0.332068] usbcore: registered new interface driver usbfs
[    0.334064] usbcore: registered new interface driver hub
[    0.336047] usbcore: registered new device driver usb
[    0.340052] EDAC MC: Ver: 3.0.0
[    0.341195] PCI: Using ACPI for IRQ routing
[    0.341268] NetLabel: Initializing
[    0.344014] NetLabel:  domain hash size = 128
[    0.345353] NetLabel:  protocols = UNLABELED CIPSOv4 CALIPSO
[    0.348038] NetLabel:  unlabeled traffic allowed by default
[    0.349148] clocksource: Switched to clocksource kvm-clock
[    0.360915] VFS: Disk quotas dquot_6.6.0
[    0.362255] VFS: Dquot-cache hash table entries: 512 (order 0, 4096 bytes)
[    0.363952] AppArmor: AppArmor Filesystem Enabled
[    0.365127] pnp: PnP ACPI init
[    0.366811] pnp: PnP ACPI: found 3 devices
[    0.377711] clocksource: acpi_pm: mask: 0xffffff max_cycles: 0xffffff, max_idle_ns: 2085701024 ns
[    0.379579] NET: Registered protocol family 2
[    0.380674] IP idents hash table entries: 16384 (order: 5, 131072 bytes)
[    0.382294] TCP established hash table entries: 8192 (order: 4, 65536 bytes)
[    0.383669] TCP bind hash table entries: 8192 (order: 5, 131072 bytes)
[    0.385494] TCP: Hash tables configured (established 8192 bind 8192)
[    0.386905] UDP hash table entries: 512 (order: 2, 16384 bytes)
[    0.388032] UDP-Lite hash table entries: 512 (order: 2, 16384 bytes)
[    0.389307] NET: Registered protocol family 1
[    0.390182] pci 0000:00:00.0: Limiting direct PCI/PCI transfers
[    0.391576] pci 0000:00:01.0: Activating ISA DMA hang workarounds
[    0.392958] pci 0000:00:02.0: Video device with shadowed ROM at [mem 0x000c0000-0x000dffff]
[    0.394829] Unpacking initramfs...
[    0.625024] Freeing initrd memory: 20544K
[    0.630140] clocksource: tsc: mask: 0xffffffffffffffff max_cycles: 0x2b297d14f90, max_idle_ns: 440795304060 ns
[    0.631879] platform rtc_cmos: registered platform RTC device (no PNP device found)
[    0.632921] Scanning for low memory corruption every 60 seconds
[    0.634218] Initialise system trusted keyrings
[    0.634794] Key type blacklist registered
[    0.635354] workingset: timestamp_bits=36 max_order=18 bucket_order=0
[    0.636740] zbud: loaded
[    0.637630] squashfs: version 4.0 (2009/01/31) Phillip Lougher
[    0.638621] fuse init (API version 7.26)
[    0.641562] Key type asymmetric registered
[    0.642346] Asymmetric key parser 'x509' registered
[    0.643352] Block layer SCSI generic (bsg) driver version 0.4 loaded (major 246)
[    0.644530] io scheduler noop registered
[    0.645094] io scheduler deadline registered
[    0.645735] io scheduler cfq registered (default)
[    0.646626] ACPI: AC Adapter [AC] (on-line)
[    0.647312] input: Power Button as /devices/LNXSYSTM:00/LNXPWRBN:00/input/input0
[    0.648889] ACPI: Power Button [PWRF]
[    0.649696] input: Sleep Button as /devices/LNXSYSTM:00/LNXSLPBN:00/input/input1
[    0.651003] ACPI: Sleep Button [SLPF]
[    0.651871] Serial: 8250/16550 driver, 32 ports, IRQ sharing enabled
[    0.652429] ACPI: Battery Slot [BAT0] (battery present)
[    0.673980] 00:02: ttyS0 at I/O 0x3f8 (irq = 4, base_baud = 115200) is a 16550A
[    0.676816] Linux agpgart interface v0.103
[    0.678541] loop: module loaded
[    0.679547] scsi host0: ata_piix
[    0.680226] scsi host1: ata_piix
[    0.680730] ata1: PATA max UDMA/33 cmd 0x1f0 ctl 0x3f6 bmdma 0xd000 irq 14
[    0.681676] ata2: PATA max UDMA/33 cmd 0x170 ctl 0x376 bmdma 0xd008 irq 15
[    0.682832] tun: Universal TUN/TAP device driver, 1.6
[    0.683681] PPP generic driver version 2.4.2
[    0.684412] ehci_hcd: USB 2.0 'Enhanced' Host Controller (EHCI) Driver
[    0.685516] ehci-pci: EHCI PCI platform driver
[    0.686138] ehci-platform: EHCI generic platform driver
[    0.686941] ohci_hcd: USB 1.1 'Open' Host Controller (OHCI) Driver
[    0.687808] ohci-pci: OHCI PCI platform driver
[    0.688531] ohci-platform: OHCI generic platform driver
[    0.689281] uhci_hcd: USB Universal Host Controller Interface driver
[    0.690259] i8042: PNP: PS/2 Controller [PNP0303:PS2K,PNP0f03:PS2M] at 0x60,0x64 irq 1,12
[    0.692002] serio: i8042 KBD port at 0x60,0x64 irq 1
[    0.692740] serio: i8042 AUX port at 0x60,0x64 irq 12
[    0.693592] mousedev: PS/2 mouse device common for all mice
[    0.694965] input: AT Translated Set 2 keyboard as /devices/platform/i8042/serio0/input/input2
[    0.696180] rtc_cmos rtc_cmos: rtc core: registered rtc_cmos as rtc0
[    0.697293] rtc_cmos rtc_cmos: alarms up to one day, 114 bytes nvram
[    0.698279] i2c /dev entries driver
[    0.698799] device-mapper: uevent: version 1.0.3
[    0.699497] device-mapper: ioctl: 4.37.0-ioctl (2017-09-20) initialised: dm-devel@redhat.com
[    0.700804] ledtrig-cpu: registered to indicate activity on CPUs
[    0.702123] NET: Registered protocol family 10
[    0.705583] Segment Routing with IPv6
[    0.706158] NET: Registered protocol family 17
[    0.706825] Key type dns_resolver registered
[    0.707616] mce: Using 0 MCE banks
[    0.708147] RAS: Correctable Errors collector initialized.
[    0.708975] sched_clock: Marking stable (708133793, 0)->(875297699, -167163906)
[    0.710369] registered taskstats version 1
[    0.711007] Loading compiled-in X.509 certificates
[    0.713483] Loaded X.509 cert 'Build time autogenerated kernel key: cdc7189136aaa35407544516090e2034d9c28e14'
[    0.715234] Loaded X.509 cert 'Canonical Ltd. Live Patch Signing: 14df34d1a87cf37625abec039ef2bf521249b969'
[    0.716949] Loaded X.509 cert 'Canonical Ltd. Kernel Module Signing: 88f752e560a1e0737e31163a466ad7b70a850c19'
[    0.718540] blacklist: Loading compiled-in revocation X.509 certificates
[    0.719466] Loaded X.509 cert 'Canonical Ltd. Secure Boot Signing: 61482aa2830d0ab2ad5af10b7250da9033ddcef0'
[    0.720706] Loaded X.509 cert 'Canonical Ltd. Secure Boot Signing (2017): 242ade75ac4a15e50d50c84b0d45ff3eae707a03'
[    0.722010] Loaded X.509 cert 'Canonical Ltd. Secure Boot Signing (ESM 2018): 365188c1d374d6b07c3c8f240f8ef722433d6a8b'
[    0.723350] Loaded X.509 cert 'Canonical Ltd. Secure Boot Signing (2019): c0746fd6c5da3ae827864651ad66ae47fe24b3e8'
[    0.724759] Loaded X.509 cert 'Canonical Ltd. Secure Boot Signing (2021 v1): a8d54bbb3825cfb94fa13c9f8a594a195c107b8d'
[    0.726386] Loaded X.509 cert 'Canonical Ltd. Secure Boot Signing (2021 v2): 4cf046892d6fd3c9a5b03f98d845f90851dc6a8c'
[    0.727825] Loaded X.509 cert 'Canonical Ltd. Secure Boot Signing (2021 v3): 100437bb6de6e469b581e61cd66bce3ef4ed53af'
[    0.730327] Loaded X.509 cert 'Canonical Ltd. Secure Boot Signing (Ubuntu Core 2019): c1d57b8f6b743f23ee41f4f7ee292f06eecadfb9'
[    0.732062] zswap: loaded using pool lzo/zbud
[    0.735045] Key type big_key registered
[    0.735904] Key type trusted registered
[    0.738143] Key type encrypted registered
[    0.738792] AppArmor: AppArmor sha1 policy hashing enabled
[    0.739489] ima: No TPM chip found, activating TPM-bypass! (rc=-19)
[    0.740400] ima: Allocated hash algorithm: sha1
[    0.741040] evm: HMAC attrs: 0x1
[    0.741653]   Magic number: 8:296:465
[    0.742242] rtc_cmos rtc_cmos: setting system clock to 2024-05-26 04:29:22 UTC (1716697762)
[    0.743481] BIOS EDD facility v0.16 2004-Jun-25, 0 devices found
[    0.744317] EDD information not available.
[    0.865426] Freeing unused kernel image memory: 2480K
[    0.876137] Write protecting the kernel read-only data: 20480k
[    0.877446] Freeing unused kernel image memory: 2008K
[    0.878487] Freeing unused kernel image memory: 1820K
[    0.885149] x86/mm: Checked W+X mappings: passed, no W+X pages found.
Loading, please wait...
starting version 237
[    0.934907] e1000: Intel(R) PRO/1000 Network Driver - version 7.3.21-k8-NAPI
[    0.936079] e1000: Copyright (c) 1999-2006 Intel Corporation.
[    0.939448] Fusion MPT base driver 3.04.20
[    0.940104] Copyright (c) 1999-2008 LSI Corporation
[    0.944559] Fusion MPT SPI Host driver 3.04.20
[    0.957687] AVX2 version of gcm_enc/dec engaged.
[    0.958354] AES CTR mode by8 optimization enabled
[    1.168604] input: ImExPS/2 Generic Explorer Mouse as /devices/platform/i8042/serio1/input/input4
[    1.626472] e1000 0000:00:03.0 eth0: (PCI:33MHz:32-bit) 02:3b:7b:b7:3b:2d
[    1.627650] e1000 0000:00:03.0 eth0: Intel(R) PRO/1000 Network Connection
[    1.630033] e1000 0000:00:03.0 enp0s3: renamed from eth0
[    1.631333] mptbase: ioc0: Initiating bringup
[    2.412222] ioc0: LSI53C1030 A0: Capabilities={Initiator}
[    2.653628] scsi host2: ioc0: LSI53C1030 A0, FwRev=00000000h, Ports=1, MaxQ=256, IRQ=20
[    3.616792] scsi 2:0:0:0: Direct-Access     VBOX     HARDDISK         1.0  PQ: 0 ANSI: 5
[    3.680968] scsi target2:0:0: Beginning Domain Validation
[    3.682567] scsi target2:0:0: Domain Validation skipping write tests
[    3.683590] scsi target2:0:0: Ending Domain Validation
[    3.684364] scsi target2:0:0: asynchronous
[    3.685233] scsi 2:0:1:0: Direct-Access     VBOX     HARDDISK         1.0  PQ: 0 ANSI: 5
[    3.816117] scsi target2:0:1: Beginning Domain Validation
[    3.817406] scsi target2:0:1: Domain Validation skipping write tests
[    3.818320] scsi target2:0:1: Ending Domain Validation
[    3.819075] scsi target2:0:1: asynchronous
[    3.821899] sd 2:0:0:0: Attached scsi generic sg0 type 0
[    3.822995] sd 2:0:0:0: [sda] 83886080 512-byte logical blocks: (42.9 GB/40.0 GiB)
[    3.823023] sd 2:0:1:0: Attached scsi generic sg1 type 0
[    3.824965] sd 2:0:0:0: [sda] Write Protect is off
[    3.825747] sd 2:0:0:0: [sda] Incomplete mode parameter data
[    3.825760] sd 2:0:1:0: [sdb] 20480 512-byte logical blocks: (10.5 MB/10.0 MiB)
[    3.826554] sd 2:0:0:0: [sda] Assuming drive cache: write through
[    3.828638] sd 2:0:1:0: [sdb] Write Protect is off
[    3.829517]  sda: sda1
[    3.830193] sd 2:0:1:0: [sdb] Incomplete mode parameter data
[    3.830499] sd 2:0:0:0: [sda] Attached SCSI disk
[    3.831062] sd 2:0:1:0: [sdb] Assuming drive cache: write through
[    3.834604] sd 2:0:1:0: [sdb] Attached SCSI disk
Begin: Loading essential drivers ... [    5.252025] raid6: sse2x1   gen()  7419 MB/s
[    5.302367] raid6: sse2x1   xor()  8163 MB/s
[    5.382851] raid6: sse2x2   gen() 24560 MB/s
[    5.481159] raid6: sse2x2   xor() 11688 MB/s
[    5.561066] raid6: sse2x4   gen() 25697 MB/s
[    5.625625] raid6: sse2x4   xor() 10498 MB/s
[    5.721715] raid6: avx2x1   gen() 27874 MB/s
[    5.785765] raid6: avx2x1   xor() 19966 MB/s
[    5.865843] raid6: avx2x2   gen() 48590 MB/s
[    5.963628] raid6: avx2x2   xor() 22243 MB/s
[    6.044140] raid6: avx2x4   gen() 33852 MB/s
[    6.176045] raid6: avx2x4   xor() 42700 MB/s
[    6.176789] raid6: using algorithm avx2x2 gen() 48590 MB/s
[    6.177887] raid6: .... xor() 22243 MB/s, rmw enabled
[    6.179004] raid6: using avx2x2 recovery algorithm
[    6.180590] xor: automatically using best checksumming function   avx       
[    6.182287] async_tx: api initialized (async)
done.
Begin: Running /scripts/init-premount ... done.
Begin: Mounting root file system ... Begin: Running /scripts/local-top ... done.
Begin: Running /scripts/local-premount ... [    6.221282] Btrfs loaded, crc32c=crc32c-intel
Scanning for Btrfs filesystems
done.
Begin: Will now check root file system ... fsck from util-linux 2.31.1
[/sbin/fsck.ext4 (1) -- /dev/sda1] fsck.ext4 -a -C0 /dev/sda1 
cloudimg-rootfs: recovering journal
cloudimg-rootfs: Clearing orphaned inode 15024 (uid=0, gid=0, mode=0100600, size=0)
cloudimg-rootfs: clean, 127266/5120000 files, 898086/10485499 blocks
done.
[    6.309460] EXT4-fs (sda1): mounted filesystem with ordered data mode. Opts: (null)
done.
Begin: Running /scripts/local-bottom ... done.
Begin: Running /scripts/init-bottom ... done.
[    6.467090] ip_tables: (C) 2000-2006 Netfilter Core Team
[    6.474307] systemd[1]: systemd 237 running in system mode. (+PAM +AUDIT +SELINUX +IMA +APPARMOR +SMACK +SYSVINIT +UTMP +LIBCRYPTSETUP +GCRYPT +GNUTLS +ACL +XZ +LZ4 +SECCOMP +BLKID +ELFUTILS +KMOD -IDN2 +IDN -PCRE2 default-hierarchy=hybrid)
[    6.477064] systemd[1]: Detected virtualization oracle.
[    6.477764] systemd[1]: Detected architecture x86-64.

Welcome to [1mUbuntu 18.04.6 LTS[0m!

[    6.482422] systemd[1]: Set hostname to <controller>.
[    6.711261] systemd[1]: Created slice System Slice.
[[0;32m  OK  [0m] Created slice System Slice.
[    6.712477] systemd[1]: Listening on /dev/initctl Compatibility Named Pipe.
[[0;32m  OK  [0m] Listening on /dev/initctl Compatibility Named Pipe.
[    6.714241] systemd[1]: Created slice system-serial\x2dgetty.slice.
[[0;32m  OK  [0m] Created slice system-serial\x2dgetty.slice.
[    6.724599] systemd[1]: Reached target Swap.
[[0;32m  OK  [0m] Reached target Swap.
[    6.725787] systemd[1]: Listening on LVM2 poll daemon socket.
[[0;32m  OK  [0m] Listening on LVM2 poll daemon socket.
[    6.737298] systemd[1]: Started Forward Password Requests to Wall Directory Watch.
[[0;32m  OK  [0m] Started Forward Password Requests to Wall Directory Watch.
[[0;32m  OK  [0m] Listening on udev Kernel Socket.
[[0;32m  OK  [0m] Listening on fsck to fsckd communication Socket.
[[0;32m  OK  [0m] Listening on Device-mapper event daemon FIFOs.
[[0;32m  OK  [0m] Created slice User and Session Slice.
[[0;32m  OK  [0m] Listening on LVM2 metadata daemon socket.
[[0;32m  OK  [0m] Listening on udev Control Socket.
[[0;32m  OK  [0m] Listening on Journal Socket.
         Starting Monitoring of LVM2 mirrors…ng dmeventd or progress polling...
         Starting udev Coldplug all Devices...
         Starting Set the console keyboard layout...
         Mounting NFSD configuration filesystem...
         Mounting Kernel Debug File System...
         Mounting RPC Pipe File System...
         Starting Load Kernel Modules...
         Mounting Huge Pages File System...
[[0;32m  OK  [0m] Listening on RPCbind Server Activation Socket.
[[0;32m  OK  [0m] Set up automount Arbitrary Executab…rmats File System Automount Point.
[[0;32m  OK  [0m] Listening on Journal Socket (/dev/log).
[[0;32m  OK  [0m] Reached target User and Group Name Lookups.
         Starting Uncomplicated firewall...
         Mounting POSIX Message Queue File System...
[[0;32m  OK  [0m] Listening on Journal Audit Socket.
[[0;32m  OK  [0m] Reached target Mounting snaps.
[[0;32m  OK  [0m] Reached target Mounted snaps.
[[0;32m  OK  [0m] Listening on Network Service Netlink Socket.
[[0;32m  OK  [0m] Reached target System Time Synchronized.
[[0;32m  OK  [0m] Reached target Slices.
[[0;32m  OK  [0m] Listening on Syslog Socket.
         Starting Journal Service...
         Starting Remount Root and Kernel File Systems...
         Starting Create list of required st…ce nodes for the current kernel...
[[0;32m  OK  [0m] Mounted Kernel Debug File System.
[[0;32m  OK  [0m] Mounted Huge Pages File System.
[[0;32m  OK  [0m] Mounted POSIX Message Queue File System.
[[0;32m  OK  [0m] Started udev Coldplug all Devices.
[[0;32m  OK  [0m] Started LVM2 metadata daemon.
[    6.849704] Loading iSCSI transport class v2.0-870.
[    6.854303] iscsi: registered transport (tcp)
[    6.867027] iscsi: registered transport (iser)
[[0;32m  OK  [0m] Started Load Kernel Modules.
         Mounting Kernel Configuration File System...
         Mounting FUSE Control File System...
         Starting Apply Kernel Variables...
[[0;32m  OK  [0m] Mounted Kernel Configuration File System.
[[0;32m  OK  [0m] Mounted FUSE Control File System.
[[0;32m  OK  [0m] Started Journal Service.
[[0;32m  OK  [0m] Started Create list of required sta…vice nodes for the current kernel.
         Starting Create Static Device Nodes in /dev...
[[0;32m  OK  [0m] Started Remount Root and Kernel File Systems.
         Starting Load/Save Random Seed...
         Starting Flush Journal to Persistent Storage...
[[0;32m  OK  [0m] Started Monitoring of LVM2 mirrors,…sing dmeventd or progress polling.
[[0;32m  OK  [0m] Started Apply Kernel Variables.
[[0;32m  OK  [0m] Started Create Static Device Nodes in /dev.
         Starting udev Kernel Device Manager...
[[0;32m  OK  [0m] Started Load/Save Random Seed.
[[0;32m  OK  [0m] Started Set the console keyboard layout.
[[0;32m  OK  [0m] Reached target Local File Systems (Pre).
[[0;32m  OK  [0m] Reached target Local File Systems.
         Starting QEMU KVM preparation - module, ksm, hugepages...
         Starting Tell Plymouth To Write Out Runtime Data...
         Starting Set console font and keymap...
         Starting ebtables ruleset management...
         Starting Preprocess NFS configuration...
         Starting AppArmor initialization...
[[0;32m  OK  [0m] Mounted RPC Pipe File System.
         Starting pNFS block layout mapping daemon...
[[0;32m  OK  [0m] Started Set console font and keymap.
[[0;32m  OK  [0m] Started Tell Plymouth To Write Out Runtime Data.
[[0;32m  OK  [0m] Started Preprocess NFS configuration.
[[0;32m  OK  [0m] Reached target NFS client services.
         Starting NFSv4 ID-name mapping service...
[[0;32m  OK  [0m] Started pNFS block layout mapping daemon.
[[0;32m  OK  [0m] Started NFSv4 ID-name mapping service.
[[0;32m  OK  [0m] Started udev Kernel Device Manager.
[[0;32m  OK  [0m] Started Dispatch Password Requests to Console Directory Watch.
[[0;32m  OK  [0m] Reached target Local Encrypted Volumes.
[[0;32m  OK  [0m] Mounted NFSD configuration filesystem.
[[0;32m  OK  [0m] Started QEMU KVM preparation - module, ksm, hugepages.
[[0;32m  OK  [0m] Started ebtables ruleset management.
[[0;32m  OK  [0m] Started Flush Journal to Persistent Storage.
         Starting Create Volatile Files and Directories...
[[0;32m  OK  [0m] Found device /dev/ttyS0.
[[0;32m  OK  [0m] Started Create Volatile Files and Directories.
         Starting Update UTMP about System Boot/Shutdown...
         Starting RPC bind portmap service...
[[0;32m  OK  [0m] Started Update UTMP about System Boot/Shutdown.
[[0;32m  OK  [0m] Started RPC bind portmap service.
[[0;32m  OK  [0m] Reached target RPC Port Mapper.
[[0;32m  OK  [0m] Listening on Load/Save RF Kill Switch Status /dev/rfkill Watch.
[[0;32m  OK  [0m] Started AppArmor initialization.
         Starting Load AppArmor profiles managed internally by snapd...
         Starting Initial cloud-init job (pre-networking)...
         Mounting Arbitrary Executable File Formats File System...
[[0;32m  OK  [0m] Mounted Arbitrary Executable File Formats File System.
[[0;32m  OK  [0m] Started Load AppArmor profiles managed internally by snapd.
[[0;32m  OK  [0m] Started Uncomplicated firewall.
[    8.889868] cloud-init[596]: Cloud-init v. 23.1.2-0ubuntu0~18.04.1 running 'init-local' at Sun, 26 May 2024 04:29:30 +0000. Up 8.72 seconds.
[[0;32m  OK  [0m] Started Initial cloud-init job (pre-networking).
[[0;32m  OK  [0m] Reached target Network (Pre).
         Starting Network Service...
[[0;32m  OK  [0m] Started Network Service.
         Starting Network Name Resolution...
         Starting Wait for Network to be Configured...
[[0;32m  OK  [0m] Started Network Name Resolution.
[[0;32m  OK  [0m] Reached target Network.
         Starting NFS Mount Daemon...
[[0;32m  OK  [0m] Reached target Host and Network Name Lookups.
[[0;32m  OK  [0m] Started NFS Mount Daemon.
         Starting NFS server and services...
[[0;32m  OK  [0m] Started NFS server and services.
[[0;32m  OK  [0m] Started Wait for Network to be Configured.
         Starting Initial cloud-init job (metadata service crawler)...
[   11.550726] cloud-init[829]: Cloud-init v. 23.1.2-0ubuntu0~18.04.1 running 'init' at Sun, 26 May 2024 04:29:33 +0000. Up 11.38 seconds.
[   11.552384] cloud-init[829]: ci-info: ++++++++++++++++++++++++++++++++++++++Net device info++++++++++++++++++++++++++++++++++++++
[   11.553256] cloud-init[829]: ci-info: +--------+------+----------------------------+---------------+--------+-------------------+
[   11.554291] cloud-init[829]: ci-info: | Device |  Up  |          Address           |      Mask     | Scope  |     Hw-Address    |
[   11.555150] cloud-init[829]: ci-info: +--------+------+----------------------------+---------------+--------+-------------------+
[   11.556096] cloud-init[829]: ci-info: | enp0s3 | True |         10.0.2.15          | 255.255.255.0 | global | 02:3b:7b:b7:3b:2d |
[   11.557210] cloud-init[829]: ci-info: | enp0s3 | True | fe80::3b:7bff:feb7:3b2d/64 |       .       |  link  | 02:3b:7b:b7:3b:2d |
[   11.568461] cloud-init[829]: ci-info: |   lo   | True |         127.0.0.1          |   255.0.0.0   |  host  |         .         |
[   11.569548] cloud-init[829]: ci-info: |   lo   | True |          ::1/128           |       .       |  host  |         .         |
[   11.570751] cloud-init[829]: ci-info: +--------+------+----------------------------+---------------+--------+-------------------+
[   11.572290] cloud-init[829]: ci-info: ++++++++++++++++++++++++++++Route IPv4 info+++++++++++++++++++++++++++++
[   11.573386] cloud-init[829]: ci-info: +-------+-------------+----------+-----------------+-----------+-------+
[   11.574475] cloud-init[829]: ci-info: | Route | Destination | Gateway  |     Genmask     | Interface | Flags |
[   11.575437] cloud-init[829]: ci-info: +-------+-------------+----------+-----------------+-----------+-------+
[   11.576413] cloud-init[829]: ci-info: |   0   |   0.0.0.0   | 10.0.2.2 |     0.0.0.0     |   enp0s3  |   UG  |
[   11.577606] cloud-init[829]: ci-info: |   1   |   10.0.2.0  | 0.0.0.0  |  255.255.255.0  |   enp0s3  |   U   |
[   11.578996] cloud-init[829]: ci-info: |   2   |   10.0.2.2  | 0.0.0.0  | 255.255.255.255 |   enp0s3  |   UH  |
[   11.580369] cloud-init[829]: ci-info: +-------+-------------+----------+-----------------+-----------+-------+
[   11.581402] cloud-init[829]: ci-info: +++++++++++++++++++Route IPv6 info+++++++++++++++++++
[   11.582326] cloud-init[829]: ci-info: +-------+-------------+---------+-----------+-------+
[   11.583482] cloud-init[829]: ci-info: | Route | Destination | Gateway | Interface | Flags |
[   11.585270] cloud-init[829]: ci-info: +-------+-------------+---------+-----------+-------+
[   11.586371] cloud-init[829]: ci-info: |   1   |  fe80::/64  |    ::   |   enp0s3  |   U   |
[   11.587373] cloud-init[829]: ci-info: |   3   |    local    |    ::   |   enp0s3  |   U   |
[   11.588461] cloud-init[829]: ci-info: |   4   |   ff00::/8  |    ::   |   enp0s3  |   U   |
[   11.589264] cloud-init[829]: ci-info: +-------+-------------+---------+-----------+-------+
[[0;32m  OK  [0m] Started Initial cloud-init job (metadata service crawler).
[[0;32m  OK  [0m] Reached target Network is Online.
         Starting Availability of block devices...
[[0;32m  OK  [0m] Reached target Remote File Systems (Pre).
         Mounting /vagrant...
[[0;32m  OK  [0m] Reached target Cloud-config availability.
[[0;32m  OK  [0m] Reached target System Initialization.
[[0;32m  OK  [0m] Listening on Open-iSCSI iscsid Socket.
[[0;32m  OK  [0m] Started Message of the Day.
         Starting Socket activation for snappy daemon.
[[0;32m  OK  [0m] Listening on ACPID Listen Socket.
[[0;32m  OK  [0m] Started Daily Cleanup of Temporary Directories.
         Starting LXD - unix socket.
[[0;32m  OK  [0m] Started ACPI Events Check.
[[0;32m  OK  [0m] Reached target Paths.
[[0;32m  OK  [0m] Started Daily apt download activities.
[[0;32m  OK  [0m] Started Daily apt upgrade and clean activities.
[[0;32m  OK  [0m] Started Discard unused blocks once a week.
[[0;32m  OK  [0m] Started Ubuntu Advantage Timer for running repeated jobs.
[[0;32m  OK  [0m] Listening on cloud-init hotplug hook socket.
[[0;32m  OK  [0m] Listening on D-Bus System Message Bus Socket.
[[0;32m  OK  [0m] Reached target Timers.
[[0;32m  OK  [0m] Listening on UUID daemon activation socket.
[[0;32m  OK  [0m] Started Availability of block devices.
[[0;32m  OK  [0m] Listening on Socket activation for snappy daemon.
[[0;32m  OK  [0m] Listening on LXD - unix socket.
[[0;32m  OK  [0m] Reached target Sockets.
[[0;32m  OK  [0m] Reached target Basic System.
         Starting LSB: Record successful boot for GRUB...
         Starting Virtualbox guest utils...
         Starting System Logging Service...
[[0;32m  OK  [0m] Reached target Login Prompts (Pre).
         Starting Accounts Service...
         Starting LXD - container startup/shutdown...
[[0;32m  OK  [0m] Started irqbalance daemon.
         Starting Dispatcher daemon for systemd-networkd...
[[0;32m  OK  [0m] Started Regular background program processing daemon.
         Starting Login Service...
[[0;32m  OK  [0m] Started Deferred execution scheduler.
[[0;32m  OK  [0m] Started FUSE filesystem for LXC.
         Starting OpenBSD Secure Shell server...
[[0;32m  OK  [0m] Started D-Bus System Message Bus.
         Starting Snap Daemon...
[[0;32m  OK  [0m] Started System Logging Service.
[[0;32m  OK  [0m] Mounted /vagrant.
[[0;32m  OK  [0m] Started LXD - container startup/shutdown.
[[0;32m  OK  [0m] Started OpenBSD Secure Shell server.
[[0;32m  OK  [0m] Started Login Service.
[[0;32m  OK  [0m] Started Dispatcher daemon for systemd-networkd.
         Starting Authorization Manager...
[[0;32m  OK  [0m] Started Unattended Upgrades Shutdown.
[[0;32m  OK  [0m] Reached target Remote File Systems.
         Starting Permit User Sessions...
         Starting LSB: automatic crash report generation...
[[0;32m  OK  [0m] Started Permit User Sessions.
         Starting Hold until boot process finishes up...
         Starting Terminate Plymouth Boot Screen...
[[0;32m  OK  [0m] Started Hold until boot process finishes up.
[[0;32m  OK  [0m] Started LSB: Record successful boot for GRUB.
[[0;32m  OK  [0m] Started Terminate Plymouth Boot Screen.
[[0;32m  OK  [0m] Started Serial Getty on ttyS0.
         Starting Set console scheme...
[[0;32m  OK  [0m] Started Virtualbox guest utils.
[[0;32m  OK  [0m] Started Set console scheme.
[[0;32m  OK  [0m] Created slice system-getty.slice.
[[0;32m  OK  [0m] Started Getty on tty1.
[[0;32m  OK  [0m] Reached target Login Prompts.
[[0;32m  OK  [0m] Started Authorization Manager.
[[0;32m  OK  [0m] Started Accounts Service.
[[0;32m  OK  [0m] Started LSB: automatic crash report generation.
[[0;32m  OK  [0m] Started Snap Daemon.
         Starting Wait until snapd is fully seeded...
         Starting Time & Date Service...
[[0;32m  OK  [0m] Started Time & Date Service.
[[0;32m  OK  [0m] Started Wait until snapd is fully seeded.
         Starting Apply the settings specified in cloud-config...
[   13.824061] cloud-init[1297]: Cloud-init v. 23.1.2-0ubuntu0~18.04.1 running 'modules:config' at Sun, 26 May 2024 04:29:35 +0000. Up 13.65 seconds.
[[0;32m  OK  [0m] Started Apply the settings specified in cloud-config.
[[0;32m  OK  [0m] Reached target Multi-User System.
[[0;32m  OK  [0m] Reached target Graphical Interface.
         Starting Update UTMP about System Runlevel Changes...
         Starting Execute cloud user/final scripts...
[[0;32m  OK  [0m] Started Update UTMP about System Runlevel Changes.
[   14.828626] cloud-init[1351]: Cloud-init v. 23.1.2-0ubuntu0~18.04.1 running 'modules:final' at Sun, 26 May 2024 04:29:36 +0000. Up 14.63 seconds.
[   14.830910] cloud-init[1351]: Cloud-init v. 23.1.2-0ubuntu0~18.04.1 finished at Sun, 26 May 2024 04:29:36 +0000. Datasource DataSourceNoCloud [seed=/dev/sdb][dsmode=net].  Up 14.81 seconds
[[0;32m  OK  [0m] Started Execute cloud user/final scripts.
[[0;32m  OK  [0m] Reached target Cloud-init target.

Ubuntu 18.04.6 LTS controller ttyS0

controller login: 